<?xml version="1.0" encoding="UTF-8"?>
<!-- Generated by org.testng.reporters.JUnitReportReporter -->
<testsuite hostname="LAPTOP-GHOV1HBR" failures="0" tests="7" name="com.tutorialsqa.testcases.LoginTest" time="30.754" errors="0" timestamp="2023-07-24T19:57:59 IST" skipped="0">
  <testcase classname="com.tutorialsqa.testcases.LoginTest" name="verifyloginwithvalidcredentials" time="4.614"/>
  <testcase classname="com.tutorialsqa.testcases.LoginTest" name="verifyloginwithvalidcredentials" time="4.635"/>
  <testcase classname="com.tutorialsqa.testcases.LoginTest" name="verifyloginwithvalidcredentials" time="4.352"/>
  <testcase classname="com.tutorialsqa.testcases.LoginTest" name="verifyinvlaidlogincredentials" time="4.547"/>
  <testcase classname="com.tutorialsqa.testcases.LoginTest" name="verifyinvlaidemailandvalidpass" time="4.445"/>
  <testcase classname="com.tutorialsqa.testcases.LoginTest" name="verifyvlaidemailandinvalidpass" time="4.353"/>
  <testcase classname="com.tutorialsqa.testcases.LoginTest" name="verifywthoutcred" time="3.808"/>
</testsuite> <!-- com.tutorialsqa.testcases.LoginTest -->
