<?xml version="1.0" encoding="UTF-8"?>
<!-- Generated by org.testng.reporters.JUnitReportReporter -->
<testsuite hostname="LAPTOP-GHOV1HBR" failures="0" tests="4" name="com.tutorialsqa.testcases.RegisterTest" time="25.229" errors="0" timestamp="2023-07-24T19:57:59 IST" skipped="0">
  <testcase classname="com.tutorialsqa.testcases.RegisterTest" name="verifyregisterwithmandatoryfeilds" time="5.910"/>
  <testcase classname="com.tutorialsqa.testcases.RegisterTest" name="verifyregisterwithallfeilds" time="5.511"/>
  <testcase classname="com.tutorialsqa.testcases.RegisterTest" name="verifyregisterwithexistingemail" time="5.465"/>
  <testcase classname="com.tutorialsqa.testcases.RegisterTest" name="verifyregisterwithoutgivingdetails" time="8.343"/>
</testsuite> <!-- com.tutorialsqa.testcases.RegisterTest -->
